<?xml version="1.0" encoding="UTF-8"?>
<testsuites name="E2E tests" tests="4" failures="0" time="64.148">
  <testsuite name="Test Login Scenario" errors="0" failures="0" skipped="0" timestamp="2019-06-19T09:26:54" time="23.493" tests="1">
    <testcase classname="Test Login Scenario Should navigate to the login page and login a user" name="Test Login Scenario Should navigate to the login page and login a user" time="20.121">
    </testcase>
  </testsuite>
  <testsuite name="Test Registration Scenario" errors="0" failures="0" skipped="0" timestamp="2019-06-19T09:27:18" time="14.551" tests="1">
    <testcase classname="Test Registration Scenario Should navigate to the join now page and register a user" name="Test Registration Scenario Should navigate to the join now page and register a user" time="9.196">
    </testcase>
  </testsuite>
  <testsuite name="Login page mocking" errors="0" failures="0" skipped="0" timestamp="2019-06-19T09:27:33" time="16.1" tests="1">
    <testcase classname="Login page mocking login to mocked user" name="Login page mocking login to mocked user" time="14.761">
    </testcase>
  </testsuite>
  <testsuite name="Test Registration Scenario in Mobile" errors="0" failures="0" skipped="0" timestamp="2019-06-19T09:27:49" time="9.31" tests="1">
    <testcase classname="Test Registration Scenario in Mobile Should navigate to the join now page and register a user" name="Test Registration Scenario in Mobile Should navigate to the join now page and register a user" time="7.999">
    </testcase>
  </testsuite>
</testsuites>