<?xml version="1.0" encoding="UTF-8"?>
<testsuites name="E2E tests" tests="2" failures="0" time="50.421">
  <testsuite name="Test Registration Scenario" errors="0" failures="0" skipped="0" timestamp="2019-02-25T05:09:36" time="26.515" tests="1">
    <testcase classname="Test Registration Scenario Should navigate to the join now page and register a user" name="Test Registration Scenario Should navigate to the join now page and register a user" time="15.695">
    </testcase>
  </testsuite>
  <testsuite name="Test Login Scenario" errors="0" failures="0" skipped="0" timestamp="2019-02-25T05:10:02" time="23.377" tests="1">
    <testcase classname="Test Login Scenario Should navigate to the login page and login a user" name="Test Login Scenario Should navigate to the login page and login a user" time="14.893">
    </testcase>
  </testsuite>
</testsuites>