<?xml version="1.0" encoding="UTF-8"?>
<testsuites name="E2E tests" tests="4" failures="0" time="43.471">
  <testsuite name="Login page mocking" errors="0" failures="0" skipped="0" timestamp="2020-08-29T03:46:59" time="14.111" tests="1">
    <testcase classname="Login page mocking login to mocked user" name="Login page mocking login to mocked user" time="9.615">
    </testcase>
  </testsuite>
  <testsuite name="Test Registration Scenario in Mobile" errors="0" failures="0" skipped="0" timestamp="2020-08-29T03:47:13" time="9.962" tests="1">
    <testcase classname="Test Registration Scenario in Mobile Should navigate to the join now page and register a user" name="Test Registration Scenario in Mobile Should navigate to the join now page and register a user" time="7.832">
    </testcase>
  </testsuite>
  <testsuite name="Test Registration Scenario" errors="0" failures="0" skipped="0" timestamp="2020-08-29T03:47:23" time="9.561" tests="1">
    <testcase classname="Test Registration Scenario Should navigate to the join now page and register a user" name="Test Registration Scenario Should navigate to the join now page and register a user" time="8.359">
    </testcase>
  </testsuite>
  <testsuite name="Test Login Scenario" errors="0" failures="0" skipped="0" timestamp="2020-08-29T03:47:33" time="8.884" tests="1">
    <testcase classname="Test Login Scenario Should navigate to the login page and login a user" name="Test Login Scenario Should navigate to the login page and login a user" time="7.923">
    </testcase>
  </testsuite>
</testsuites>